2024-07-06 05:04:30,769 - INFO - Starting search in folder: C:/Users/mphoc/Downloads/Documents
2024-07-06 05:04:30,973 - INFO - Found 0 duplicate groups
2024-07-06 05:04:30,974 - INFO - Search completed
2024-07-06 05:04:33,222 - INFO - Starting search in folder: C:/Users/mphoc/Downloads/Documents
2024-07-06 05:04:33,362 - INFO - Found 0 duplicate groups
2024-07-06 05:04:33,362 - INFO - Search completed
2024-07-06 05:04:33,878 - INFO - Starting search in folder: C:/Users/mphoc/Downloads/Documents
2024-07-06 05:04:34,025 - INFO - Found 0 duplicate groups
2024-07-06 05:04:34,025 - INFO - Search completed
2024-07-06 05:04:34,343 - INFO - Starting search in folder: C:/Users/mphoc/Downloads/Documents
2024-07-06 05:04:34,478 - INFO - Found 0 duplicate groups
2024-07-06 05:04:34,478 - INFO - Search completed
2024-07-06 05:04:34,718 - INFO - Starting search in folder: C:/Users/mphoc/Downloads/Documents
2024-07-06 05:04:34,860 - INFO - Found 0 duplicate groups
2024-07-06 05:04:34,860 - INFO - Search completed
2024-07-06 05:05:13,845 - INFO - Starting search in folder: C:/Users/mphoc/Downloads/Documents
2024-07-06 05:05:13,991 - INFO - Found 0 duplicate groups
2024-07-06 05:05:13,991 - INFO - Search completed
2024-07-06 05:05:20,454 - INFO - Starting search in folder: C:/Users/mphoc/Desktop
2024-07-06 05:09:49,683 - INFO - Starting search in folder: C:/Users/mphoc/Downloads
2024-07-06 05:10:30,910 - INFO - Search cancelled by user
2024-07-06 05:10:30,941 - INFO - Found 0 duplicate groups
2024-07-06 05:10:30,941 - INFO - Search completed
2024-07-06 05:11:02,444 - INFO - Starting search in folder: C:/Users/mphoc/Downloads
2024-07-06 05:11:40,841 - INFO - Search cancelled by user
2024-07-06 05:11:40,885 - INFO - Found 0 duplicate groups
2024-07-06 05:11:40,885 - INFO - Search completed
2024-07-06 05:15:47,665 - INFO - Application closed
2024-07-06 05:20:37,915 - INFO - Starting search in folder: C:/Users/mphoc/Desktop/Chatbot
2024-07-06 05:20:38,002 - INFO - Found 1 duplicate groups
2024-07-06 05:20:38,002 - INFO - Search completed
2024-07-06 05:20:50,357 - INFO - Deleted 1 files
2024-07-06 05:33:01,620 - INFO - Starting search in folder: C:/Users/mphoc/Desktop/Church
2024-07-06 05:44:19,787 - INFO - Found 265 duplicate groups
2024-07-06 05:44:19,804 - INFO - Search completed
2024-07-06 05:48:34,943 - INFO - Deleted 1810 files
2024-07-06 05:49:10,865 - INFO - Starting search in folder: C:/
2024-07-06 07:20:41,451 - INFO - Application closed
2024-07-08 09:57:44,745 - INFO - Application closed
2024-07-09 22:15:49,723 - INFO - Starting search in folder: C:/Users/mphoc/Desktop/Church
2024-07-09 22:21:00,973 - INFO - Starting search in folder: C:/Users/mphoc/Desktop/Church/Sundays_ Sound
2024-07-09 22:21:07,206 - INFO - Search cancelled by user
2024-07-09 22:21:07,242 - INFO - Found 5 duplicate groups
2024-07-09 22:21:07,242 - INFO - Search completed
2024-07-09 22:21:15,958 - INFO - Deleted 7 files
2024-07-09 22:21:31,538 - INFO - Starting search in folder: C:/Users/mphoc/Desktop/Church/Instrumental dump
2024-07-09 22:21:40,930 - INFO - Found 0 duplicate groups
2024-07-09 22:21:40,930 - INFO - Search completed
2024-07-09 22:21:43,025 - INFO - Starting search in folder: C:/Users/mphoc/Desktop/Church/Instrumental dump
2024-07-09 22:21:53,784 - INFO - Found 0 duplicate groups
2024-07-09 22:21:53,784 - INFO - Search completed
2024-07-09 22:22:04,680 - INFO - Starting search in folder: C:/Users/mphoc/Desktop/Church/All to All/Makarios/Makarios
2024-07-09 22:22:05,181 - INFO - Found 0 duplicate groups
2024-07-09 22:22:05,182 - INFO - Search completed
2024-07-09 22:22:30,466 - INFO - Application closed
2024-07-10 17:48:40,831 - INFO - Starting search in folder: C:/Users/mphoc/Desktop/Church/All to All/FL Music
2024-07-10 17:48:56,906 - INFO - Found 0 duplicate groups
2024-07-10 17:48:56,906 - INFO - Search completed
2024-07-10 17:49:02,786 - INFO - Application closed
2024-07-18 11:16:41,977 - INFO - Starting search in folder: C:/Users/mphoc/Desktop/Church/Sundays_ Sound
2024-07-18 11:16:48,485 - INFO - Found 0 duplicate groups
2024-07-18 11:16:48,485 - INFO - Search completed
2024-07-18 11:16:52,387 - INFO - Starting search in folder: C:/Users/mphoc/Desktop/Church/Sundays_ Sound
2024-07-18 11:16:58,498 - INFO - Found 0 duplicate groups
2024-07-18 11:16:58,499 - INFO - Search completed
2024-07-18 11:17:25,245 - INFO - Starting search in folder: C:/Users/mphoc/Desktop/Church/Instrumental dump
2024-07-18 11:17:34,355 - INFO - Found 0 duplicate groups
2024-07-18 11:17:34,355 - INFO - Search completed
2024-07-18 11:17:49,483 - INFO - Starting search in folder: C:/Users/mphoc/Desktop/Church
2024-07-18 11:17:49,483 - INFO - File types filter: ['mp3', 'mp4']
2024-08-24 05:47:12,424 - INFO - Starting search in folder: C:/Users/mphoc/Desktop/Church/Sundays_ Sound
2024-08-24 05:47:22,733 - INFO - Found 0 duplicate groups
2024-08-24 05:47:22,733 - INFO - Search completed
2024-08-24 05:47:56,036 - INFO - Starting search in folder: C:/Users/mphoc/Desktop/Church/Instrumental dump
2024-08-24 05:48:06,686 - INFO - Found 0 duplicate groups
2024-08-24 05:48:06,686 - INFO - Search completed
2024-08-24 05:48:20,109 - INFO - Starting search in folder: C:/Users/mphoc/Downloads
2024-08-24 05:56:27,156 - INFO - Starting search in folder: C:/Users/mphoc/Downloads
2024-08-24 05:57:26,357 - INFO - Starting search in folder: C:/Users/mphoc/Desktop/Church
2024-08-24 06:05:14,281 - INFO - Starting search in folder: C:/Users/mphoc/Downloads
2024-08-24 06:05:15,510 - INFO - Search cancelled by user
2024-08-24 06:05:15,641 - INFO - Found 49 duplicate groups
2024-08-24 06:05:15,641 - INFO - Search completed
2024-08-24 06:05:23,680 - INFO - Starting search in folder: C:/Users/mphoc/Downloads
2024-08-24 06:05:30,902 - INFO - Search cancelled by user
2024-08-24 06:05:31,472 - INFO - Found 112 duplicate groups
2024-08-24 06:05:31,473 - INFO - Search completed
2024-08-24 06:05:41,619 - INFO - Deleted 158 files
2024-08-24 06:05:42,940 - INFO - Starting search in folder: C:/Users/mphoc/Downloads
2024-08-24 06:05:46,565 - INFO - Search cancelled by user
2024-08-24 06:05:46,566 - INFO - Found 0 duplicate groups
2024-08-24 06:05:46,566 - INFO - Search completed
2024-08-24 06:05:47,948 - INFO - Starting search in folder: C:/Users/mphoc/Downloads
2024-08-24 06:12:32,445 - INFO - Starting search in folder: C:/Users/mphoc/Downloads
2024-08-24 06:12:33,991 - INFO - Search cancelled by user
2024-08-24 06:12:33,991 - INFO - Found 0 duplicate groups
2024-08-24 06:12:33,991 - INFO - Search completed
2024-08-24 06:12:37,596 - INFO - Application closed
